<?xml version="1.0" encoding="UTF-8"?>
<!-- Generated by org.testng.reporters.JUnitReportReporter -->
<testsuite hostname="LAPTOP-82F3E13C" failures="0" tests="2" name="testscripts.SubCategoryTest" time="22.493" errors="0" timestamp="2025-04-11T00:06:39 IST" skipped="0">
  <testcase classname="testscripts.SubCategoryTest" name="verifyWhetherUserIsAbleToAddANewCategoryOnTheSubCategoryPage" time="17.483"/>
  <testcase classname="testscripts.SubCategoryTest" name="verifyWhetherUserIsAbleToPerformSearchOnTheSubCategoryPage" time="5.010"/>
</testsuite> <!-- testscripts.SubCategoryTest -->
