<?xml version="1.0" encoding="UTF-8"?>
<!-- Generated by org.testng.reporters.JUnitReportReporter -->
<testsuite hostname="LAPTOP-82F3E13C" failures="0" tests="1" name="testscripts.HomeTest" time="5.342" errors="0" timestamp="2025-04-09T22:33:59 IST" skipped="0">
  <testcase classname="testscripts.HomeTest" name="verifyWhetherUserIsAbleToLogoutSuccessfully" time="5.342"/>
</testsuite> <!-- testscripts.HomeTest -->
