<?xml version="1.0" encoding="UTF-8"?>
<!-- Generated by org.testng.reporters.JUnitReportReporter -->
<testsuite hostname="LAPTOP-82F3E13C" failures="0" tests="1" name="SeleniumBasics.LoginTest" time="8.720" errors="0" timestamp="2025-03-19T22:24:13 IST" skipped="0">
  <testcase classname="SeleniumBasics.LoginTest" name="verifywhetheruserabletologout" time="8.720"/>
</testsuite> <!-- SeleniumBasics.LoginTest -->
