<?xml version="1.0" encoding="UTF-8"?>
<!-- Generated by org.testng.reporters.JUnitReportReporter -->
<testsuite hostname="LAPTOP-82F3E13C" failures="0" tests="1" name="testScripts.ManageUserTest" time="6.286" errors="0" timestamp="2025-03-30T00:47:44 IST" skipped="0">
  <testcase classname="testScripts.ManageUserTest" name="verifyReset" time="6.286"/>
</testsuite> <!-- testScripts.ManageUserTest -->
